cp: cannot stat `/home/alolinco/tom-fe/tomfe_hess/fe_hess05_20180910/*.hess': No such file or directory
=>> PBS: job killed: walltime 720039 exceeded limit 720000
Last System Error Message from Task 2:: Numerical result out of range
Last System Error Message from Task 6:: Numerical result out of range
Last System Error Message from Task 3:: Numerical result out of range
Last System Error Message from Task 12:: Numerical result out of range
Last System Error Message from Task 13:: Numerical result out of range
Last System Error Message from Task 16:: Numerical result out of range
Last System Error Message from Task 15:: Numerical result out of range
Last System Error Message from Task 32:: Numerical result out of range
Last System Error Message from Task 17:: Numerical result out of range
Last System Error Message from Task 48:: Numerical result out of range
Last System Error Message from Task 4:: Numerical result out of range
Last System Error Message from Task 33:: Numerical result out of range
Last System Error Message from Task 18:: Numerical result out of range
Last System Error Message from Task 49:: Numerical result out of range
Last System Error Message from Task 5:: Numerical result out of range
Last System Error Message from Task 34:: Numerical result out of range
Last System Error Message from Task 19:: Numerical result out of range
Last System Error Message from Task 50:: Numerical result out of range
Last System Error Message from Task 7:: Numerical result out of range
Last System Error Message from Task 35:: Numerical result out of range
Last System Error Message from Task 20:: Numerical result out of range
Last System Error Message from Task 51:: Numerical result out of range
Last System Error Message from Task 1:: Numerical result out of range
Last System Error Message from Task 36:: Numerical result out of range
Last System Error Message from Task 52:: Numerical result out of range
Last System Error Message from Task 8:: Numerical result out of range
Last System Error Message from Task 21:: Numerical result out of range
Last System Error Message from Task 9:: Numerical result out of range
Last System Error Message from Task 23:: Numerical result out of range
Last System Error Message from Task 10:: Numerical result out of range
Last System Error Message from Task 37:: Numerical result out of range
Last System Error Message from Task 24:: Numerical result out of range
Last System Error Message from Task 53:: Numerical result out of range
Last System Error Message from Task 11:: Numerical result out of range
Last System Error Message from Task 38:: Numerical result out of range
Last System Error Message from Task 25:: Numerical result out of range
Last System Error Message from Task 54:: Numerical result out of range
Last System Error Message from Task 0:: Numerical result out of range
Last System Error Message from Task 39:: Numerical result out of range
Last System Error Message from Task 26:: Numerical result out of range
Last System Error Message from Task 55:: Numerical result out of range
Last System Error Message from Task 14:: Numerical result out of range
Last System Error Message from Task 40:: Numerical result out of range
Last System Error Message from Task 27:: Numerical result out of range
Last System Error Message from Task 56:: Numerical result out of range
Last System Error Message from Task 41:: Numerical result out of range
Last System Error Message from Task 28:: Numerical result out of range
Last System Error Message from Task 57:: Numerical result out of range
Last System Error Message from Task 42:: Numerical result out of range
Last System Error Message from Task 29:: Numerical result out of range
Last System Error Message from Task 58:: Numerical result out of range
Last System Error Message from Task 43:: Numerical result out of range
Last System Error Message from Task 30:: Numerical result out of range
Last System Error Message from Task 59:: Numerical result out of range
Last System Error Message from Task 44:: Numerical result out of range
Last System Error Message from Task 31:: Numerical result out of range
Last System Error Message from Task 60:: Numerical result out of range
Last System Error Message from Task 45:: Numerical result out of range
Last System Error Message from Task 22:: Numerical result out of range
Last System Error Message from Task 61:: Numerical result out of range
Last System Error Message from Task 47:: Numerical result out of range
Last System Error Message from Task 62:: Numerical result out of range
Last System Error Message from Task 46:: Numerical result out of range
Last System Error Message from Task 63:: Numerical result out of range
forrtl: error (78): process killed (SIGTERM)

Stack trace terminated abnormally.
forrtl: error (78): process killed (SIGTERM)

Stack trace terminated abnormally.
forrtl: error (78): process killed (SIGTERM)

Stack trace terminated abnormally.
forrtl: error (78): process killed (SIGTERM)

Stack trace terminated abnormally.
forrtl: error (78): process killed (SIGTERM)

Stack trace terminated abnormally.
forrtl: error (78): process killed (SIGTERM)
Image              PC                Routine            Line        Source             
nwchem             00000000035A26EE  Unknown               Unknown  Unknown
nwchem             00000000035A1186  Unknown               Unknown  Unknown
nwchem             0000000003518702  Unknown               Unknown  Unknown
nwchem             00000000034C584B  Unknown               Unknown  Unknown
nwchem             00000000034CB563  Unknown               Unknown  Unknown
nwchem             00000000033C2A2F  Unknown               Unknown  Unknown
nwchem             000000000338E487  Unknown               Unknown  Unknown
libc.so.6          00000039ACA329A0  Unknown               Unknown  Unknown
nwchem             0000000000F4C940  Unknown               Unknown  Unknown
forrtl: error (78): process killed (SIGTERM)
Image              PC                Routine            Line        Source             
nwchem             00000000035A26EE  Unknown               Unknown  Unknown
nwchem             00000000035A1186  Unknown               Unknown  Unknown
nwchem             0000000003518702  Unknown               Unknown  Unknown
nwchem             00000000034C584B  Unknown               Unknown  Unknown
nwchem             00000000034CB563  Unknown               Unknown  Unknown
nwchem             00000000033C2A2F  Unknown               Unknown  Unknown
nwchem             000000000338E487  Unknown               Unknown  Unknown
libc.so.6          00000039C14329A0  Unknown               Unknown  Unknown
nwchem             0000000000F4C71C  Unknown               Unknown  Unknown
forrtl: error (78): process killed (SIGTERM)

Stack trace terminated abnormally.
forrtl: error (78): process killed (SIGTERM)

Stack trace terminated abnormally.
forrtl: error (78): process killed (SIGTERM)

Stack trace terminated abnormally.
